  example1.cpp
d:\study\usa graduate\wpi graduate 2\17 spring courses\computer graphics  cs 543-191  emmanuel o. agu\hw1\zhenyu_pan_hw1\glslexperiment\example1.cpp(127): warning C4996: 'fopen': This function or variable may be unsafe. Consider using fopen_s instead. To disable deprecation, use _CRT_SECURE_NO_WARNINGS. See online help for details.
  c:\program files (x86)\windows kits\10\include\10.0.10240.0\ucrt\stdio.h(205): note: see declaration of 'fopen'
d:\study\usa graduate\wpi graduate 2\17 spring courses\computer graphics  cs 543-191  emmanuel o. agu\hw1\zhenyu_pan_hw1\glslexperiment\example1.cpp(146): warning C4996: 'fscanf': This function or variable may be unsafe. Consider using fscanf_s instead. To disable deprecation, use _CRT_SECURE_NO_WARNINGS. See online help for details.
  c:\program files (x86)\windows kits\10\include\10.0.10240.0\ucrt\stdio.h(1193): note: see declaration of 'fscanf'
d:\study\usa graduate\wpi graduate 2\17 spring courses\computer graphics  cs 543-191  emmanuel o. agu\hw1\zhenyu_pan_hw1\glslexperiment\example1.cpp(153): warning C4996: 'fscanf': This function or variable may be unsafe. Consider using fscanf_s instead. To disable deprecation, use _CRT_SECURE_NO_WARNINGS. See online help for details.
  c:\program files (x86)\windows kits\10\include\10.0.10240.0\ucrt\stdio.h(1193): note: see declaration of 'fscanf'
d:\study\usa graduate\wpi graduate 2\17 spring courses\computer graphics  cs 543-191  emmanuel o. agu\hw1\zhenyu_pan_hw1\glslexperiment\example1.cpp(157): warning C4996: 'fscanf': This function or variable may be unsafe. Consider using fscanf_s instead. To disable deprecation, use _CRT_SECURE_NO_WARNINGS. See online help for details.
  c:\program files (x86)\windows kits\10\include\10.0.10240.0\ucrt\stdio.h(1193): note: see declaration of 'fscanf'
d:\study\usa graduate\wpi graduate 2\17 spring courses\computer graphics  cs 543-191  emmanuel o. agu\hw1\zhenyu_pan_hw1\glslexperiment\example1.cpp(160): warning C4996: 'fscanf': This function or variable may be unsafe. Consider using fscanf_s instead. To disable deprecation, use _CRT_SECURE_NO_WARNINGS. See online help for details.
  c:\program files (x86)\windows kits\10\include\10.0.10240.0\ucrt\stdio.h(1193): note: see declaration of 'fscanf'
d:\study\usa graduate\wpi graduate 2\17 spring courses\computer graphics  cs 543-191  emmanuel o. agu\hw1\zhenyu_pan_hw1\glslexperiment\example1.cpp(163): warning C4996: 'fscanf': This function or variable may be unsafe. Consider using fscanf_s instead. To disable deprecation, use _CRT_SECURE_NO_WARNINGS. See online help for details.
  c:\program files (x86)\windows kits\10\include\10.0.10240.0\ucrt\stdio.h(1193): note: see declaration of 'fscanf'
d:\study\usa graduate\wpi graduate 2\17 spring courses\computer graphics  cs 543-191  emmanuel o. agu\hw1\zhenyu_pan_hw1\glslexperiment\example1.cpp(208): warning C4244: 'argument': conversion from 'double' to 'GLsizei', possible loss of data
d:\study\usa graduate\wpi graduate 2\17 spring courses\computer graphics  cs 543-191  emmanuel o. agu\hw1\zhenyu_pan_hw1\glslexperiment\example1.cpp(208): warning C4244: 'argument': conversion from 'double' to 'GLint', possible loss of data
d:\study\usa graduate\wpi graduate 2\17 spring courses\computer graphics  cs 543-191  emmanuel o. agu\hw1\zhenyu_pan_hw1\glslexperiment\example1.cpp(212): warning C4244: 'argument': conversion from 'double' to 'GLsizei', possible loss of data
d:\study\usa graduate\wpi graduate 2\17 spring courses\computer graphics  cs 543-191  emmanuel o. agu\hw1\zhenyu_pan_hw1\glslexperiment\example1.cpp(212): warning C4244: 'argument': conversion from 'double' to 'GLint', possible loss of data
d:\study\usa graduate\wpi graduate 2\17 spring courses\computer graphics  cs 543-191  emmanuel o. agu\hw1\zhenyu_pan_hw1\glslexperiment\example1.cpp(231): warning C4244: 'argument': conversion from 'double' to 'GLsizei', possible loss of data
d:\study\usa graduate\wpi graduate 2\17 spring courses\computer graphics  cs 543-191  emmanuel o. agu\hw1\zhenyu_pan_hw1\glslexperiment\example1.cpp(231): warning C4244: 'argument': conversion from 'double' to 'GLint', possible loss of data
d:\study\usa graduate\wpi graduate 2\17 spring courses\computer graphics  cs 543-191  emmanuel o. agu\hw1\zhenyu_pan_hw1\glslexperiment\example1.cpp(254): warning C4244: 'initializing': conversion from 'double' to 'int', possible loss of data
d:\study\usa graduate\wpi graduate 2\17 spring courses\computer graphics  cs 543-191  emmanuel o. agu\hw1\zhenyu_pan_hw1\glslexperiment\example1.cpp(255): warning C4244: 'initializing': conversion from 'double' to 'int', possible loss of data
d:\study\usa graduate\wpi graduate 2\17 spring courses\computer graphics  cs 543-191  emmanuel o. agu\hw1\zhenyu_pan_hw1\glslexperiment\example1.cpp(257): warning C4244: 'argument': conversion from 'double' to 'GLsizei', possible loss of data
d:\study\usa graduate\wpi graduate 2\17 spring courses\computer graphics  cs 543-191  emmanuel o. agu\hw1\zhenyu_pan_hw1\glslexperiment\example1.cpp(263): warning C4244: 'initializing': conversion from 'double' to 'int', possible loss of data
d:\study\usa graduate\wpi graduate 2\17 spring courses\computer graphics  cs 543-191  emmanuel o. agu\hw1\zhenyu_pan_hw1\glslexperiment\example1.cpp(264): warning C4244: 'argument': conversion from 'double' to 'GLsizei', possible loss of data
d:\study\usa graduate\wpi graduate 2\17 spring courses\computer graphics  cs 543-191  emmanuel o. agu\hw1\zhenyu_pan_hw1\glslexperiment\example1.cpp(279): warning C4244: 'argument': conversion from 'time_t' to 'unsigned int', possible loss of data
d:\study\usa graduate\wpi graduate 2\17 spring courses\computer graphics  cs 543-191  emmanuel o. agu\hw1\zhenyu_pan_hw1\glslexperiment\example1.cpp(302): warning C4244: 'argument': conversion from 'time_t' to 'unsigned int', possible loss of data
d:\study\usa graduate\wpi graduate 2\17 spring courses\computer graphics  cs 543-191  emmanuel o. agu\hw1\zhenyu_pan_hw1\glslexperiment\example1.cpp(407): warning C4838: conversion from 'double' to 'float' requires a narrowing conversion
d:\study\usa graduate\wpi graduate 2\17 spring courses\computer graphics  cs 543-191  emmanuel o. agu\hw1\zhenyu_pan_hw1\glslexperiment\example1.cpp(407): warning C4305: 'initializing': truncation from 'double' to 'float'
d:\study\usa graduate\wpi graduate 2\17 spring courses\computer graphics  cs 543-191  emmanuel o. agu\hw1\zhenyu_pan_hw1\glslexperiment\example1.cpp(408): warning C4838: conversion from 'double' to 'float' requires a narrowing conversion
d:\study\usa graduate\wpi graduate 2\17 spring courses\computer graphics  cs 543-191  emmanuel o. agu\hw1\zhenyu_pan_hw1\glslexperiment\example1.cpp(408): warning C4305: 'initializing': truncation from 'double' to 'float'
d:\study\usa graduate\wpi graduate 2\17 spring courses\computer graphics  cs 543-191  emmanuel o. agu\hw1\zhenyu_pan_hw1\glslexperiment\example1.cpp(409): warning C4838: conversion from 'double' to 'float' requires a narrowing conversion
d:\study\usa graduate\wpi graduate 2\17 spring courses\computer graphics  cs 543-191  emmanuel o. agu\hw1\zhenyu_pan_hw1\glslexperiment\example1.cpp(409): warning C4305: 'initializing': truncation from 'double' to 'float'
d:\study\usa graduate\wpi graduate 2\17 spring courses\computer graphics  cs 543-191  emmanuel o. agu\hw1\zhenyu_pan_hw1\glslexperiment\example1.cpp(410): warning C4838: conversion from 'double' to 'float' requires a narrowing conversion
d:\study\usa graduate\wpi graduate 2\17 spring courses\computer graphics  cs 543-191  emmanuel o. agu\hw1\zhenyu_pan_hw1\glslexperiment\example1.cpp(410): warning C4305: 'initializing': truncation from 'double' to 'float'
d:\study\usa graduate\wpi graduate 2\17 spring courses\computer graphics  cs 543-191  emmanuel o. agu\hw1\zhenyu_pan_hw1\glslexperiment\example1.cpp(412): warning C4838: conversion from 'double' to 'float' requires a narrowing conversion
d:\study\usa graduate\wpi graduate 2\17 spring courses\computer graphics  cs 543-191  emmanuel o. agu\hw1\zhenyu_pan_hw1\glslexperiment\example1.cpp(412): warning C4305: 'initializing': truncation from 'double' to 'float'
d:\study\usa graduate\wpi graduate 2\17 spring courses\computer graphics  cs 543-191  emmanuel o. agu\hw1\zhenyu_pan_hw1\glslexperiment\example1.cpp(443): warning C4244: 'argument': conversion from 'double' to 'GLsizei', possible loss of data
d:\study\usa graduate\wpi graduate 2\17 spring courses\computer graphics  cs 543-191  emmanuel o. agu\hw1\zhenyu_pan_hw1\glslexperiment\example1.cpp(482): warning C4244: '=': conversion from 'double' to 'float', possible loss of data
d:\study\usa graduate\wpi graduate 2\17 spring courses\computer graphics  cs 543-191  emmanuel o. agu\hw1\zhenyu_pan_hw1\glslexperiment\example1.cpp(486): warning C4244: '=': conversion from 'double' to 'float', possible loss of data
d:\study\usa graduate\wpi graduate 2\17 spring courses\computer graphics  cs 543-191  emmanuel o. agu\hw1\zhenyu_pan_hw1\glslexperiment\example1.cpp(488): warning C4244: 'argument': conversion from 'double' to 'GLfloat', possible loss of data
d:\study\usa graduate\wpi graduate 2\17 spring courses\computer graphics  cs 543-191  emmanuel o. agu\hw1\zhenyu_pan_hw1\glslexperiment\example1.cpp(497): warning C4244: 'argument': conversion from 'double' to 'GLfloat', possible loss of data
d:\study\usa graduate\wpi graduate 2\17 spring courses\computer graphics  cs 543-191  emmanuel o. agu\hw1\zhenyu_pan_hw1\glslexperiment\example1.cpp(506): warning C4244: '=': conversion from 'double' to 'float', possible loss of data
d:\study\usa graduate\wpi graduate 2\17 spring courses\computer graphics  cs 543-191  emmanuel o. agu\hw1\zhenyu_pan_hw1\glslexperiment\example1.cpp(510): warning C4244: '=': conversion from 'double' to 'float', possible loss of data
d:\study\usa graduate\wpi graduate 2\17 spring courses\computer graphics  cs 543-191  emmanuel o. agu\hw1\zhenyu_pan_hw1\glslexperiment\example1.cpp(512): warning C4244: 'argument': conversion from 'double' to 'GLfloat', possible loss of data
d:\study\usa graduate\wpi graduate 2\17 spring courses\computer graphics  cs 543-191  emmanuel o. agu\hw1\zhenyu_pan_hw1\glslexperiment\example1.cpp(519): warning C4244: 'argument': conversion from 'double' to 'GLfloat', possible loss of data
d:\study\usa graduate\wpi graduate 2\17 spring courses\computer graphics  cs 543-191  emmanuel o. agu\hw1\zhenyu_pan_hw1\glslexperiment\example1.cpp(523): warning C4244: 'argument': conversion from 'int' to 'GLfloat', possible loss of data
d:\study\usa graduate\wpi graduate 2\17 spring courses\computer graphics  cs 543-191  emmanuel o. agu\hw1\zhenyu_pan_hw1\glslexperiment\example1.cpp(617): warning C4244: 'argument': conversion from 'int' to 'GLfloat', possible loss of data
  GLSLExperiment.vcxproj -> D:\Study\USA Graduate\WPI Graduate 2\17 Spring Courses\COMPUTER GRAPHICS  CS 543-191  Emmanuel O. Agu\HW1\Zhenyu_Pan_hw1\Debug\GLSLExperiment.exe
  GLSLExperiment.vcxproj -> D:\Study\USA Graduate\WPI Graduate 2\17 Spring Courses\COMPUTER GRAPHICS  CS 543-191  Emmanuel O. Agu\HW1\Zhenyu_Pan_hw1\Debug\GLSLExperiment.pdb (Full PDB)
