c:\temp\deletable\cs543_proj1_test_f12\b11_proj1_starting_code_handed_out\graphics_starting_code\glslexperiment\debug\example1.obj
c:\temp\deletable\cs543_proj1_test_f12\b11_proj1_starting_code_handed_out\graphics_starting_code\glslexperiment\debug\initshader.obj
c:\temp\deletable\cs543_proj1_test_f12\b11_proj1_starting_code_handed_out\graphics_starting_code\glslexperiment\debug\textfile.obj
c:\temp\deletable\cs543_proj1_test_f12\b11_proj1_starting_code_handed_out\graphics_starting_code\glslexperiment\debug\vc100.pdb
c:\temp\cs4731_hw0\graphics_starting_code\glslexperiment\debug\example1.obj
c:\temp\cs4731_hw0\graphics_starting_code\glslexperiment\debug\initshader.obj
c:\temp\cs4731_hw0\graphics_starting_code\glslexperiment\debug\textfile.obj
c:\temp\cs4731_hw0\graphics_starting_code\glslexperiment\debug\vc100.pdb
c:\users\hzhou\cs543\hw1\glslexperiment\debug\example1.obj
c:\users\hzhou\cs543\hw1\glslexperiment\debug\initshader.obj
c:\users\hzhou\cs543\hw1\glslexperiment\debug\textfile.obj
c:\users\hzhou\cs543\hw1\glslexperiment\debug\vc100.pdb
c:\users\hzhou\documents\github\cs543-computer-graphics-course-project\hw1\glslexperiment\debug\example1.obj
c:\users\hzhou\documents\github\cs543-computer-graphics-course-project\hw1\glslexperiment\debug\initshader.obj
c:\users\hzhou\documents\github\cs543-computer-graphics-course-project\hw1\glslexperiment\debug\textfile.obj
c:\users\hzhou\documents\github\cs543-computer-graphics-course-project\hw1\glslexperiment\debug\vc100.pdb
c:\temp\deletable\cs543_proj1_test_f12\b11_proj1_starting_code_handed_out\graphics_starting_code\debug\glslexperiment.ilk
c:\temp\deletable\cs543_proj1_test_f12\b11_proj1_starting_code_handed_out\graphics_starting_code\debug\glslexperiment.exe
c:\temp\deletable\cs543_proj1_test_f12\b11_proj1_starting_code_handed_out\graphics_starting_code\glslexperiment\debug\glslexperiment.exe.intermediate.manifest
c:\temp\deletable\cs543_proj1_test_f12\b11_proj1_starting_code_handed_out\graphics_starting_code\debug\glslexperiment.pdb
c:\temp\cs4731_hw0\graphics_starting_code\debug\glslexperiment.ilk
c:\temp\cs4731_hw0\graphics_starting_code\debug\glslexperiment.exe
c:\temp\cs4731_hw0\graphics_starting_code\glslexperiment\debug\glslexperiment.exe.intermediate.manifest
c:\temp\cs4731_hw0\graphics_starting_code\debug\glslexperiment.pdb
c:\users\hzhou\cs543\hw1\debug\glslexperiment.ilk
c:\users\hzhou\cs543\hw1\debug\glslexperiment.exe
c:\users\hzhou\cs543\hw1\glslexperiment\debug\glslexperiment.exe.intermediate.manifest
c:\users\hzhou\cs543\hw1\debug\glslexperiment.pdb
c:\users\hzhou\documents\github\cs543-computer-graphics-course-project\hw1\debug\glslexperiment.ilk
c:\users\hzhou\documents\github\cs543-computer-graphics-course-project\hw1\debug\glslexperiment.exe
c:\users\hzhou\documents\github\cs543-computer-graphics-course-project\hw1\glslexperiment\debug\glslexperiment.exe.intermediate.manifest
c:\users\hzhou\documents\github\cs543-computer-graphics-course-project\hw1\debug\glslexperiment.pdb
d:\study\usa graduate\wpi graduate 2\17 spring courses\computer graphics  cs 543-191  emmanuel o. agu\cs543-computer-graphics-course-project-master\hw1\glslexperiment\debug\vc140.pdb
d:\study\usa graduate\wpi graduate 2\17 spring courses\computer graphics  cs 543-191  emmanuel o. agu\cs543-computer-graphics-course-project-master\hw1\glslexperiment\debug\vc140.idb
d:\study\usa graduate\wpi graduate 2\17 spring courses\computer graphics  cs 543-191  emmanuel o. agu\cs543-computer-graphics-course-project-master\hw1\glslexperiment\debug\example1.obj
d:\study\usa graduate\wpi graduate 2\17 spring courses\computer graphics  cs 543-191  emmanuel o. agu\cs543-computer-graphics-course-project-master\hw1\glslexperiment\debug\initshader.obj
d:\study\usa graduate\wpi graduate 2\17 spring courses\computer graphics  cs 543-191  emmanuel o. agu\cs543-computer-graphics-course-project-master\hw1\glslexperiment\debug\textfile.obj
d:\study\usa graduate\wpi graduate 2\17 spring courses\computer graphics  cs 543-191  emmanuel o. agu\cs543-computer-graphics-course-project-master\hw1\glslexperiment\debug\glslexperiment.vcxprojresolveassemblyreference.cache
d:\study\usa graduate\wpi graduate 2\17 spring courses\computer graphics  cs 543-191  emmanuel o. agu\cs543-computer-graphics-course-project-master\hw1\glslexperiment\debug\cl.command.1.tlog
d:\study\usa graduate\wpi graduate 2\17 spring courses\computer graphics  cs 543-191  emmanuel o. agu\cs543-computer-graphics-course-project-master\hw1\glslexperiment\debug\cl.read.1.tlog
d:\study\usa graduate\wpi graduate 2\17 spring courses\computer graphics  cs 543-191  emmanuel o. agu\cs543-computer-graphics-course-project-master\hw1\glslexperiment\debug\cl.write.1.tlog
d:\study\usa graduate\wpi graduate 2\17 spring courses\computer graphics  cs 543-191  emmanuel o. agu\cs543-computer-graphics-course-project-master\hw1\glslexperiment\debug\glslexperiment.write.1.tlog
d:\study\usa graduate\wpi graduate 2\17 spring courses\computer graphics  cs 543-191  emmanuel o. agu\cs543-computer-graphics-course-project-master\hw1\glslexperiment\debug\link.command.1.tlog
d:\study\usa graduate\wpi graduate 2\17 spring courses\computer graphics  cs 543-191  emmanuel o. agu\cs543-computer-graphics-course-project-master\hw1\glslexperiment\debug\link.read.1.tlog
d:\study\usa graduate\wpi graduate 2\17 spring courses\computer graphics  cs 543-191  emmanuel o. agu\cs543-computer-graphics-course-project-master\hw1\glslexperiment\debug\link.write.1.tlog
d:\study\usa graduate\wpi graduate 2\17 spring courses\computer graphics  cs 543-191  emmanuel o. agu\cs543-computer-graphics-course-project-master\hw1\glslexperiment\debug\mt.command.1.tlog
d:\study\usa graduate\wpi graduate 2\17 spring courses\computer graphics  cs 543-191  emmanuel o. agu\cs543-computer-graphics-course-project-master\hw1\glslexperiment\debug\mt.read.1.tlog
d:\study\usa graduate\wpi graduate 2\17 spring courses\computer graphics  cs 543-191  emmanuel o. agu\cs543-computer-graphics-course-project-master\hw1\glslexperiment\debug\mt.write.1.tlog
d:\study\usa graduate\wpi graduate 2\17 spring courses\computer graphics  cs 543-191  emmanuel o. agu\cs543-computer-graphics-course-project-master\hw1\glslexperiment\debug\glslexperiment.exe.intermediate.manifest
d:\study\usa graduate\wpi graduate 2\17 spring courses\computer graphics  cs 543-191  emmanuel o. agu\cs543-computer-graphics-course-project-master\hw1\glslexperiment\debug\vc100.idb
d:\study\usa graduate\wpi graduate 2\17 spring courses\computer graphics  cs 543-191  emmanuel o. agu\cs543-computer-graphics-course-project-master\hw1\glslexperiment\debug\vc100.pdb
d:\study\usa graduate\wpi graduate 2\17 spring courses\computer graphics  cs 543-191  emmanuel o. agu\cs543-computer-graphics-course-project-master\hw1\glslexperiment\debug\glslexperiment.tlog\cl.command.1.tlog
d:\study\usa graduate\wpi graduate 2\17 spring courses\computer graphics  cs 543-191  emmanuel o. agu\cs543-computer-graphics-course-project-master\hw1\glslexperiment\debug\glslexperiment.tlog\cl.read.1.tlog
d:\study\usa graduate\wpi graduate 2\17 spring courses\computer graphics  cs 543-191  emmanuel o. agu\cs543-computer-graphics-course-project-master\hw1\glslexperiment\debug\glslexperiment.tlog\cl.write.1.tlog
d:\study\usa graduate\wpi graduate 2\17 spring courses\computer graphics  cs 543-191  emmanuel o. agu\cs543-computer-graphics-course-project-master\hw1\glslexperiment\debug\glslexperiment.tlog\link-cvtres.read.1.tlog
d:\study\usa graduate\wpi graduate 2\17 spring courses\computer graphics  cs 543-191  emmanuel o. agu\cs543-computer-graphics-course-project-master\hw1\glslexperiment\debug\glslexperiment.tlog\link-cvtres.write.1.tlog
d:\study\usa graduate\wpi graduate 2\17 spring courses\computer graphics  cs 543-191  emmanuel o. agu\cs543-computer-graphics-course-project-master\hw1\glslexperiment\debug\glslexperiment.tlog\link-rc.read.1.tlog
d:\study\usa graduate\wpi graduate 2\17 spring courses\computer graphics  cs 543-191  emmanuel o. agu\cs543-computer-graphics-course-project-master\hw1\glslexperiment\debug\glslexperiment.tlog\link-rc.write.1.tlog
d:\study\usa graduate\wpi graduate 2\17 spring courses\computer graphics  cs 543-191  emmanuel o. agu\cs543-computer-graphics-course-project-master\hw1\glslexperiment\debug\glslexperiment.tlog\link.command.1.tlog
d:\study\usa graduate\wpi graduate 2\17 spring courses\computer graphics  cs 543-191  emmanuel o. agu\cs543-computer-graphics-course-project-master\hw1\glslexperiment\debug\glslexperiment.tlog\link.read.1.tlog
d:\study\usa graduate\wpi graduate 2\17 spring courses\computer graphics  cs 543-191  emmanuel o. agu\cs543-computer-graphics-course-project-master\hw1\glslexperiment\debug\glslexperiment.tlog\link.write.1.tlog
